Started GET "/" for ::1 at 2020-10-08 16:36:51 -0700
DEPRECATION WARNING: ActiveRecord::Base.raise_in_transactional_callbacks= is deprecated, has no effect and will be removed without replacement. (called from block (3 levels) in <class:Railtie> at /Users/carlosgarciajr/.rbenv/versions/2.5.1/lib/ruby/gems/2.5.0/gems/activerecord-5.0.7.2/lib/active_record/railtie.rb:113)
Processing by StaticPagesController#index as HTML
  Rendering static_pages/index.html.erb within layouts/application
  Rendered shared/_main_nav.html.erb (0.3ms)
  Rendered shared/_masthead.html.erb (0.2ms)
  Rendered shared/_sections_nav.html.erb (0.2ms)
  Rendered shared/_search_modal.html.erb (0.2ms)
  Rendered shared/_main_content.html.erb (0.2ms)
  Rendered static_pages/index.html.erb within layouts/application (15.2ms)
Completed 200 OK in 362ms (Views: 358.9ms | ActiveRecord: 0.0ms)


Started GET "/assets/application.self-5e5b219656abf8c4e83f7dfd5e5f4f415d8fe2348d16620303a4ed96d1b5a144.css?body=1" for ::1 at 2020-10-08 16:36:52 -0700
Started GET "/" for ::1 at 2020-10-08 16:36:53 -0700
Processing by StaticPagesController#index as HTML
  Rendering static_pages/index.html.erb within layouts/application
  Rendered shared/_main_nav.html.erb (0.2ms)
  Rendered shared/_masthead.html.erb (0.2ms)
  Rendered shared/_sections_nav.html.erb (0.2ms)
  Rendered shared/_search_modal.html.erb (0.2ms)
  Rendered shared/_main_content.html.erb (0.1ms)
  Rendered static_pages/index.html.erb within layouts/application (13.2ms)
Completed 200 OK in 29ms (Views: 26.9ms | ActiveRecord: 0.0ms)


Started GET "/" for ::1 at 2020-10-08 16:37:17 -0700
Processing by StaticPagesController#index as HTML
  Rendering static_pages/index.html.erb within layouts/application
  Rendered shared/_main_nav.html.erb (0.2ms)
  Rendered shared/_masthead.html.erb (0.2ms)
  Rendered shared/_sections_nav.html.erb (0.2ms)
  Rendered shared/_search_modal.html.erb (0.2ms)
  Rendered shared/_main_content.html.erb (0.2ms)
  Rendered static_pages/index.html.erb within layouts/application (14.6ms)
Completed 200 OK in 35ms (Views: 31.8ms | ActiveRecord: 0.0ms)


Started GET "/" for ::1 at 2020-10-08 16:37:20 -0700
Processing by StaticPagesController#index as HTML
  Rendering static_pages/index.html.erb within layouts/application
  Rendered shared/_main_nav.html.erb (0.2ms)
  Rendered shared/_masthead.html.erb (0.2ms)
  Rendered shared/_sections_nav.html.erb (0.2ms)
  Rendered shared/_search_modal.html.erb (0.2ms)
  Rendered shared/_main_content.html.erb (0.2ms)
  Rendered static_pages/index.html.erb within layouts/application (12.8ms)
Completed 200 OK in 30ms (Views: 27.7ms | ActiveRecord: 0.0ms)


Started GET "/" for ::1 at 2020-10-09 09:59:50 -0700
DEPRECATION WARNING: ActiveRecord::Base.raise_in_transactional_callbacks= is deprecated, has no effect and will be removed without replacement. (called from block (3 levels) in <class:Railtie> at /Users/carlosgarciajr/.rbenv/versions/2.5.1/lib/ruby/gems/2.5.0/gems/activerecord-5.0.7.2/lib/active_record/railtie.rb:113)
Processing by StaticPagesController#index as HTML
  Rendering static_pages/index.html.erb within layouts/application
  Rendered shared/_main_nav.html.erb (0.3ms)
  Rendered shared/_masthead.html.erb (0.2ms)
  Rendered shared/_sections_nav.html.erb (0.2ms)
  Rendered shared/_search_modal.html.erb (0.2ms)
  Rendered shared/_main_content.html.erb (0.2ms)
  Rendered static_pages/index.html.erb within layouts/application (15.4ms)
Completed 200 OK in 353ms (Views: 350.1ms | ActiveRecord: 0.0ms)


Started GET "/assets/application.self-7aae4f884d21c0f895d0e25909b4a3857ca3f7bdd4412baf28bf32a8b1f558b1.css?body=1" for ::1 at 2020-10-09 09:59:51 -0700
Started GET "/" for ::1 at 2020-10-09 10:00:16 -0700
Processing by StaticPagesController#index as HTML
  Rendering static_pages/index.html.erb within layouts/application
  Rendered shared/_main_nav.html.erb (0.2ms)
  Rendered shared/_masthead.html.erb (0.2ms)
  Rendered shared/_sections_nav.html.erb (0.1ms)
  Rendered shared/_search_modal.html.erb (0.2ms)
  Rendered shared/_main_content.html.erb (0.4ms)
  Rendered static_pages/index.html.erb within layouts/application (12.9ms)
Completed 200 OK in 34ms (Views: 30.5ms | ActiveRecord: 0.0ms)


Started GET "/assets/new_office.jpg" for ::1 at 2020-10-09 10:00:16 -0700
Started GET "/" for ::1 at 2020-10-09 10:03:51 -0700
Processing by StaticPagesController#index as HTML
  Rendering static_pages/index.html.erb within layouts/application
  Rendered shared/_main_nav.html.erb (0.2ms)
  Rendered shared/_masthead.html.erb (0.2ms)
  Rendered shared/_sections_nav.html.erb (0.3ms)
  Rendered shared/_search_modal.html.erb (0.2ms)
  Rendered shared/_main_content.html.erb (0.3ms)
  Rendered static_pages/index.html.erb within layouts/application (13.1ms)
Completed 200 OK in 109ms (Views: 104.9ms | ActiveRecord: 0.0ms)


Started GET "/assets/application.self-e229079662ba64eec2df88cc9898f07a6b5005419aa37c928d3d684a6d58d3e4.css?body=1" for ::1 at 2020-10-09 10:03:51 -0700
Started GET "/assets/new_office.jpg" for ::1 at 2020-10-09 10:03:51 -0700
Started GET "/" for ::1 at 2020-10-12 13:48:14 -0700
DEPRECATION WARNING: ActiveRecord::Base.raise_in_transactional_callbacks= is deprecated, has no effect and will be removed without replacement. (called from block (3 levels) in <class:Railtie> at /Users/carlosgarciajr/.rbenv/versions/2.5.1/lib/ruby/gems/2.5.0/gems/activerecord-5.0.7.2/lib/active_record/railtie.rb:113)
Processing by StaticPagesController#index as HTML
  Rendering static_pages/index.html.erb within layouts/application
  Rendered shared/_main_nav.html.erb (0.2ms)
  Rendered shared/_masthead.html.erb (0.1ms)
  Rendered shared/_sections_nav.html.erb (0.1ms)
  Rendered shared/_search_modal.html.erb (0.2ms)
  Rendered shared/_main_content.html.erb (0.3ms)
  Rendered static_pages/index.html.erb within layouts/application (14.5ms)
Completed 500 Internal Server Error in 194ms (ActiveRecord: 0.0ms)



Sass::SyntaxError - File to import not found or unreadable: base/grid.scss.
Load paths:
  /Users/carlosgarciajr/Documents/programming/app_academy_work/curriculum/html-css/projects/aa_times/skeleton/app/assets/images
  /Users/carlosgarciajr/Documents/programming/app_academy_work/curriculum/html-css/projects/aa_times/skeleton/app/assets/javascripts
  /Users/carlosgarciajr/Documents/programming/app_academy_work/curriculum/html-css/projects/aa_times/skeleton/app/assets/stylesheets
  /Users/carlosgarciajr/Documents/programming/app_academy_work/curriculum/html-css/projects/aa_times/skeleton/vendor/assets/javascripts
  /Users/carlosgarciajr/Documents/programming/app_academy_work/curriculum/html-css/projects/aa_times/skeleton/vendor/assets/stylesheets
  /Users/carlosgarciajr/.rbenv/versions/2.5.1/lib/ruby/gems/2.5.0/gems/jquery-rails-4.4.0/vendor/assets/javascripts
  /Users/carlosgarciajr/.rbenv/versions/2.5.1/lib/ruby/gems/2.5.0/gems/coffee-rails-4.2.2/lib/assets/javascripts
  /Users/carlosgarciajr/.rbenv/versions/2.5.1/lib/ruby/gems/2.5.0/gems/actioncable-5.0.7.2/lib/assets/compiled:
  app/views/layouts/application.html.erb:7:in `_app_views_layouts_application_html_erb___270333905406359367_70279989431840'

Started POST "/__better_errors/927a171e4587d656/variables" for ::1 at 2020-10-12 13:48:14 -0700
Started GET "/" for ::1 at 2020-10-12 13:48:41 -0700
Processing by StaticPagesController#index as HTML
  Rendering static_pages/index.html.erb within layouts/application
  Rendered shared/_main_nav.html.erb (0.2ms)
  Rendered shared/_masthead.html.erb (0.1ms)
  Rendered shared/_sections_nav.html.erb (0.3ms)
  Rendered shared/_search_modal.html.erb (0.3ms)
  Rendered shared/_main_content.html.erb (0.2ms)
  Rendered static_pages/index.html.erb within layouts/application (12.8ms)
Completed 200 OK in 110ms (Views: 107.4ms | ActiveRecord: 0.0ms)


Started GET "/assets/application.self-1237ad35a9ee79bd64030d4638d1fd80f6734c490eb538e0dd01d7af3c16bf40.css?body=1" for ::1 at 2020-10-12 13:48:41 -0700
Started GET "/" for ::1 at 2020-10-12 13:48:43 -0700
Processing by StaticPagesController#index as HTML
  Rendering static_pages/index.html.erb within layouts/application
  Rendered shared/_main_nav.html.erb (0.2ms)
  Rendered shared/_masthead.html.erb (0.2ms)
  Rendered shared/_sections_nav.html.erb (0.2ms)
  Rendered shared/_search_modal.html.erb (0.2ms)
  Rendered shared/_main_content.html.erb (0.2ms)
  Rendered static_pages/index.html.erb within layouts/application (13.1ms)
Completed 200 OK in 33ms (Views: 29.9ms | ActiveRecord: 0.0ms)


Started GET "/" for ::1 at 2020-10-12 13:55:52 -0700
DEPRECATION WARNING: ActiveRecord::Base.raise_in_transactional_callbacks= is deprecated, has no effect and will be removed without replacement. (called from block (3 levels) in <class:Railtie> at /Users/carlosgarciajr/.rbenv/versions/2.5.1/lib/ruby/gems/2.5.0/gems/activerecord-5.0.7.2/lib/active_record/railtie.rb:113)
Processing by StaticPagesController#index as HTML
  Rendering static_pages/index.html.erb within layouts/application
  Rendered shared/_main_nav.html.erb (0.2ms)
  Rendered shared/_masthead.html.erb (0.1ms)
  Rendered shared/_sections_nav.html.erb (0.3ms)
  Rendered shared/_search_modal.html.erb (0.2ms)
  Rendered shared/_main_content.html.erb (0.3ms)
  Rendered static_pages/index.html.erb within layouts/application (14.6ms)
Completed 200 OK in 257ms (Views: 254.8ms | ActiveRecord: 0.0ms)


Started GET "/assets/application.self-758afe40c177e32f890a8b8e23f11571b5d1785af915c0789bd6a19191afc6ab.css?body=1" for ::1 at 2020-10-12 13:55:52 -0700
Started GET "/assets/new_office.jpg" for ::1 at 2020-10-12 13:55:52 -0700
Started GET "/" for ::1 at 2020-10-12 13:56:32 -0700
Processing by StaticPagesController#index as HTML
  Rendering static_pages/index.html.erb within layouts/application
  Rendered shared/_main_nav.html.erb (0.1ms)
  Rendered shared/_masthead.html.erb (0.2ms)
  Rendered shared/_sections_nav.html.erb (0.1ms)
  Rendered shared/_search_modal.html.erb (0.3ms)
  Rendered shared/_main_content.html.erb (0.3ms)
  Rendered static_pages/index.html.erb within layouts/application (12.3ms)
Completed 200 OK in 75ms (Views: 72.8ms | ActiveRecord: 0.0ms)


Started GET "/assets/application.self-e229079662ba64eec2df88cc9898f07a6b5005419aa37c928d3d684a6d58d3e4.css?body=1" for ::1 at 2020-10-12 13:56:32 -0700
Started GET "/assets/new_office.jpg" for ::1 at 2020-10-12 13:56:32 -0700
Started GET "/" for ::1 at 2020-10-12 13:56:33 -0700
Processing by StaticPagesController#index as HTML
  Rendering static_pages/index.html.erb within layouts/application
  Rendered shared/_main_nav.html.erb (0.2ms)
  Rendered shared/_masthead.html.erb (0.2ms)
  Rendered shared/_sections_nav.html.erb (0.2ms)
  Rendered shared/_search_modal.html.erb (0.2ms)
  Rendered shared/_main_content.html.erb (0.2ms)
  Rendered static_pages/index.html.erb within layouts/application (12.9ms)
Completed 200 OK in 34ms (Views: 31.3ms | ActiveRecord: 0.0ms)


Started GET "/assets/new_office.jpg" for ::1 at 2020-10-12 13:56:33 -0700
Started GET "/" for ::1 at 2020-10-12 13:57:15 -0700
Processing by StaticPagesController#index as HTML
  Rendering static_pages/index.html.erb within layouts/application
  Rendered shared/_main_nav.html.erb (0.2ms)
  Rendered shared/_masthead.html.erb (0.2ms)
  Rendered shared/_sections_nav.html.erb (0.2ms)
  Rendered shared/_search_modal.html.erb (0.2ms)
  Rendered shared/_main_content.html.erb (0.3ms)
  Rendered static_pages/index.html.erb within layouts/application (12.6ms)
Completed 200 OK in 92ms (Views: 88.2ms | ActiveRecord: 0.0ms)


Started GET "/assets/application.self-7aae4f884d21c0f895d0e25909b4a3857ca3f7bdd4412baf28bf32a8b1f558b1.css?body=1" for ::1 at 2020-10-12 13:57:15 -0700
Started GET "/assets/new_office.jpg" for ::1 at 2020-10-12 13:57:15 -0700
Started GET "/users/new" for ::1 at 2021-03-04 10:15:54 -0800
DEPRECATION WARNING: ActiveRecord::Base.raise_in_transactional_callbacks= is deprecated, has no effect and will be removed without replacement. (called from block (3 levels) in <class:Railtie> at /Users/cristian/.rbenv/versions/2.5.1/lib/ruby/gems/2.5.0/gems/activerecord-5.0.7.2/lib/active_record/railtie.rb:113)
  
ActionController::RoutingError (No route matches [GET] "/users/new"):
  
actionpack (5.0.7.2) lib/action_dispatch/middleware/debug_exceptions.rb:53:in `call'
web-console (3.7.0) lib/web_console/middleware.rb:135:in `call_app'
web-console (3.7.0) lib/web_console/middleware.rb:30:in `block in call'
web-console (3.7.0) lib/web_console/middleware.rb:20:in `catch'
web-console (3.7.0) lib/web_console/middleware.rb:20:in `call'
actionpack (5.0.7.2) lib/action_dispatch/middleware/show_exceptions.rb:31:in `call'
railties (5.0.7.2) lib/rails/rack/logger.rb:36:in `call_app'
railties (5.0.7.2) lib/rails/rack/logger.rb:24:in `block in call'
activesupport (5.0.7.2) lib/active_support/tagged_logging.rb:69:in `block in tagged'
activesupport (5.0.7.2) lib/active_support/tagged_logging.rb:26:in `tagged'
activesupport (5.0.7.2) lib/active_support/tagged_logging.rb:69:in `tagged'
railties (5.0.7.2) lib/rails/rack/logger.rb:24:in `call'
actionpack (5.0.7.2) lib/action_dispatch/middleware/request_id.rb:24:in `call'
rack (2.2.3) lib/rack/method_override.rb:24:in `call'
rack (2.2.3) lib/rack/runtime.rb:22:in `call'
activesupport (5.0.7.2) lib/active_support/cache/strategy/local_cache_middleware.rb:28:in `call'
actionpack (5.0.7.2) lib/action_dispatch/middleware/executor.rb:12:in `call'
rack-livereload (0.3.17) lib/rack/livereload.rb:23:in `_call'
rack-livereload (0.3.17) lib/rack/livereload.rb:14:in `call'
actionpack (5.0.7.2) lib/action_dispatch/middleware/static.rb:136:in `call'
rack (2.2.3) lib/rack/sendfile.rb:110:in `call'
railties (5.0.7.2) lib/rails/engine.rb:522:in `call'
puma (3.12.6) lib/puma/configuration.rb:227:in `call'
puma (3.12.6) lib/puma/server.rb:706:in `handle_request'
puma (3.12.6) lib/puma/server.rb:476:in `process_client'
puma (3.12.6) lib/puma/server.rb:334:in `block in run'
puma (3.12.6) lib/puma/thread_pool.rb:135:in `block in spawn_thread'
  Rendering /Users/cristian/.rbenv/versions/2.5.1/lib/ruby/gems/2.5.0/gems/actionpack-5.0.7.2/lib/action_dispatch/middleware/templates/rescues/routing_error.html.erb within rescues/layout
  Rendering /Users/cristian/.rbenv/versions/2.5.1/lib/ruby/gems/2.5.0/gems/actionpack-5.0.7.2/lib/action_dispatch/middleware/templates/rescues/_trace.html.erb
  Rendered /Users/cristian/.rbenv/versions/2.5.1/lib/ruby/gems/2.5.0/gems/actionpack-5.0.7.2/lib/action_dispatch/middleware/templates/rescues/_trace.html.erb (1.1ms)
  Rendered collection of /Users/cristian/.rbenv/versions/2.5.1/lib/ruby/gems/2.5.0/gems/actionpack-5.0.7.2/lib/action_dispatch/middleware/templates/routes/_route.html.erb [1 times] (1.2ms)
  Rendered /Users/cristian/.rbenv/versions/2.5.1/lib/ruby/gems/2.5.0/gems/actionpack-5.0.7.2/lib/action_dispatch/middleware/templates/routes/_table.html.erb (9.0ms)
  Rendering /Users/cristian/.rbenv/versions/2.5.1/lib/ruby/gems/2.5.0/gems/actionpack-5.0.7.2/lib/action_dispatch/middleware/templates/rescues/_request_and_response.html.erb
  Rendered /Users/cristian/.rbenv/versions/2.5.1/lib/ruby/gems/2.5.0/gems/actionpack-5.0.7.2/lib/action_dispatch/middleware/templates/rescues/_request_and_response.html.erb (7.0ms)
  Rendered /Users/cristian/.rbenv/versions/2.5.1/lib/ruby/gems/2.5.0/gems/actionpack-5.0.7.2/lib/action_dispatch/middleware/templates/rescues/routing_error.html.erb within rescues/layout (197.6ms)
Started GET "/" for ::1 at 2021-03-04 10:15:57 -0800
Processing by StaticPagesController#index as HTML
  Rendering static_pages/index.html.erb within layouts/application
  Rendered shared/_main_nav.html.erb (0.2ms)
  Rendered shared/_masthead.html.erb (0.3ms)
  Rendered shared/_sections_nav.html.erb (0.2ms)
  Rendered shared/_search_modal.html.erb (0.2ms)
  Rendered shared/_main_content.html.erb (0.2ms)
  Rendered static_pages/index.html.erb within layouts/application (12.5ms)
Completed 200 OK in 508ms (Views: 505.7ms | ActiveRecord: 0.0ms)


Started GET "/assets/application.self-b52cbb47a9863fddb26770a45a8d08faeb8113679bf6a3bdde73ed6cf5e16c7e.css?body=1" for ::1 at 2021-03-04 10:15:57 -0800
Started GET "/assets/jquery.self-bd7ddd393353a8d2480a622e80342adf488fb6006d667e8b42e4c0073393abee.js?body=1" for ::1 at 2021-03-04 10:15:57 -0800
Started GET "/assets/jquery_ujs.self-784a997f6726036b1993eb2217c9cb558e1cbb801c6da88105588c56f13b466a.js?body=1" for ::1 at 2021-03-04 10:15:57 -0800
Started GET "/assets/components/modal.self-52188644dbb47def5ee35ae02e69eb567ca9b664472357a8a5789dd39032a265.js?body=1" for ::1 at 2021-03-04 10:15:57 -0800
Started GET "/assets/components/sidebar.self-2a1277f850a6fa21e1a974ef5152f177ac05516477d5081d593bb137b3d6808b.js?body=1" for ::1 at 2021-03-04 10:15:57 -0800
Started GET "/assets/application.self-f571b9db02bf4ed04c38a6a29072ac382f7d4f47db1fab9817aeadb0d8665235.js?body=1" for ::1 at 2021-03-04 10:15:57 -0800
Started GET "/static_pages" for ::1 at 2021-03-04 10:17:26 -0800
  
ActionController::RoutingError (No route matches [GET] "/static_pages"):
  
actionpack (5.0.7.2) lib/action_dispatch/middleware/debug_exceptions.rb:53:in `call'
web-console (3.7.0) lib/web_console/middleware.rb:135:in `call_app'
web-console (3.7.0) lib/web_console/middleware.rb:30:in `block in call'
web-console (3.7.0) lib/web_console/middleware.rb:20:in `catch'
web-console (3.7.0) lib/web_console/middleware.rb:20:in `call'
actionpack (5.0.7.2) lib/action_dispatch/middleware/show_exceptions.rb:31:in `call'
railties (5.0.7.2) lib/rails/rack/logger.rb:36:in `call_app'
railties (5.0.7.2) lib/rails/rack/logger.rb:24:in `block in call'
activesupport (5.0.7.2) lib/active_support/tagged_logging.rb:69:in `block in tagged'
activesupport (5.0.7.2) lib/active_support/tagged_logging.rb:26:in `tagged'
activesupport (5.0.7.2) lib/active_support/tagged_logging.rb:69:in `tagged'
railties (5.0.7.2) lib/rails/rack/logger.rb:24:in `call'
actionpack (5.0.7.2) lib/action_dispatch/middleware/request_id.rb:24:in `call'
rack (2.2.3) lib/rack/method_override.rb:24:in `call'
rack (2.2.3) lib/rack/runtime.rb:22:in `call'
activesupport (5.0.7.2) lib/active_support/cache/strategy/local_cache_middleware.rb:28:in `call'
actionpack (5.0.7.2) lib/action_dispatch/middleware/executor.rb:12:in `call'
rack-livereload (0.3.17) lib/rack/livereload.rb:23:in `_call'
rack-livereload (0.3.17) lib/rack/livereload.rb:14:in `call'
actionpack (5.0.7.2) lib/action_dispatch/middleware/static.rb:136:in `call'
rack (2.2.3) lib/rack/sendfile.rb:110:in `call'
railties (5.0.7.2) lib/rails/engine.rb:522:in `call'
puma (3.12.6) lib/puma/configuration.rb:227:in `call'
puma (3.12.6) lib/puma/server.rb:706:in `handle_request'
puma (3.12.6) lib/puma/server.rb:476:in `process_client'
puma (3.12.6) lib/puma/server.rb:334:in `block in run'
puma (3.12.6) lib/puma/thread_pool.rb:135:in `block in spawn_thread'
  Rendering /Users/cristian/.rbenv/versions/2.5.1/lib/ruby/gems/2.5.0/gems/actionpack-5.0.7.2/lib/action_dispatch/middleware/templates/rescues/routing_error.html.erb within rescues/layout
  Rendering /Users/cristian/.rbenv/versions/2.5.1/lib/ruby/gems/2.5.0/gems/actionpack-5.0.7.2/lib/action_dispatch/middleware/templates/rescues/_trace.html.erb
  Rendered /Users/cristian/.rbenv/versions/2.5.1/lib/ruby/gems/2.5.0/gems/actionpack-5.0.7.2/lib/action_dispatch/middleware/templates/rescues/_trace.html.erb (1.1ms)
  Rendered collection of /Users/cristian/.rbenv/versions/2.5.1/lib/ruby/gems/2.5.0/gems/actionpack-5.0.7.2/lib/action_dispatch/middleware/templates/routes/_route.html.erb [1 times] (1.0ms)
  Rendered /Users/cristian/.rbenv/versions/2.5.1/lib/ruby/gems/2.5.0/gems/actionpack-5.0.7.2/lib/action_dispatch/middleware/templates/routes/_table.html.erb (1.0ms)
  Rendering /Users/cristian/.rbenv/versions/2.5.1/lib/ruby/gems/2.5.0/gems/actionpack-5.0.7.2/lib/action_dispatch/middleware/templates/rescues/_request_and_response.html.erb
  Rendered /Users/cristian/.rbenv/versions/2.5.1/lib/ruby/gems/2.5.0/gems/actionpack-5.0.7.2/lib/action_dispatch/middleware/templates/rescues/_request_and_response.html.erb (1.2ms)
  Rendered /Users/cristian/.rbenv/versions/2.5.1/lib/ruby/gems/2.5.0/gems/actionpack-5.0.7.2/lib/action_dispatch/middleware/templates/rescues/routing_error.html.erb within rescues/layout (159.7ms)
Started GET "/" for ::1 at 2021-03-04 10:17:38 -0800
Processing by StaticPagesController#index as HTML
  Rendering static_pages/index.html.erb within layouts/application
  Rendered shared/_main_nav.html.erb (0.2ms)
  Rendered shared/_masthead.html.erb (0.2ms)
  Rendered shared/_sections_nav.html.erb (0.2ms)
  Rendered shared/_search_modal.html.erb (0.2ms)
  Rendered shared/_main_content.html.erb (0.2ms)
  Rendered static_pages/index.html.erb within layouts/application (10.6ms)
Completed 200 OK in 27ms (Views: 25.3ms | ActiveRecord: 0.0ms)


Started GET "/assets/application.self-b52cbb47a9863fddb26770a45a8d08faeb8113679bf6a3bdde73ed6cf5e16c7e.css?body=1&livereload=1614882257501" for ::1 at 2021-03-04 10:24:17 -0800
Started GET "/assets/application.self-b52cbb47a9863fddb26770a45a8d08faeb8113679bf6a3bdde73ed6cf5e16c7e.css?body=1&livereload=1614882257503" for ::1 at 2021-03-04 10:24:17 -0800
Started GET "/assets/application.self-b52cbb47a9863fddb26770a45a8d08faeb8113679bf6a3bdde73ed6cf5e16c7e.css?body=1&livereload=1614882260479" for ::1 at 2021-03-04 10:24:20 -0800
Started GET "/assets/application.self-b52cbb47a9863fddb26770a45a8d08faeb8113679bf6a3bdde73ed6cf5e16c7e.css?body=1&livereload=1614882260480" for ::1 at 2021-03-04 10:24:20 -0800
Started GET "/assets/application.self-b52cbb47a9863fddb26770a45a8d08faeb8113679bf6a3bdde73ed6cf5e16c7e.css?body=1&livereload=1614882262527" for ::1 at 2021-03-04 10:24:22 -0800
Started GET "/assets/application.self-b52cbb47a9863fddb26770a45a8d08faeb8113679bf6a3bdde73ed6cf5e16c7e.css?body=1&livereload=1614882262528" for ::1 at 2021-03-04 10:24:22 -0800
Started GET "/assets/application.self-b52cbb47a9863fddb26770a45a8d08faeb8113679bf6a3bdde73ed6cf5e16c7e.css?body=1&livereload=1614882266534" for ::1 at 2021-03-04 10:24:26 -0800
Started GET "/assets/application.self-b52cbb47a9863fddb26770a45a8d08faeb8113679bf6a3bdde73ed6cf5e16c7e.css?body=1&livereload=1614882266535" for ::1 at 2021-03-04 10:24:26 -0800
Started GET "/assets/application.self-b52cbb47a9863fddb26770a45a8d08faeb8113679bf6a3bdde73ed6cf5e16c7e.css?body=1&livereload=1614882303595" for ::1 at 2021-03-04 10:25:03 -0800
Started GET "/assets/application.self-b52cbb47a9863fddb26770a45a8d08faeb8113679bf6a3bdde73ed6cf5e16c7e.css?body=1&livereload=1614882303596" for ::1 at 2021-03-04 10:25:03 -0800
Started GET "/assets/application.self-b52cbb47a9863fddb26770a45a8d08faeb8113679bf6a3bdde73ed6cf5e16c7e.css?body=1&livereload=1614882304622" for ::1 at 2021-03-04 10:25:04 -0800
Started GET "/assets/application.self-b52cbb47a9863fddb26770a45a8d08faeb8113679bf6a3bdde73ed6cf5e16c7e.css?body=1&livereload=1614882304623" for ::1 at 2021-03-04 10:25:04 -0800
Started GET "/assets/application.self-b52cbb47a9863fddb26770a45a8d08faeb8113679bf6a3bdde73ed6cf5e16c7e.css?body=1&livereload=1614882322664" for ::1 at 2021-03-04 10:25:22 -0800
Started GET "/assets/application.self-b52cbb47a9863fddb26770a45a8d08faeb8113679bf6a3bdde73ed6cf5e16c7e.css?body=1&livereload=1614882322665" for ::1 at 2021-03-04 10:25:22 -0800
Started GET "/assets/application.self-b52cbb47a9863fddb26770a45a8d08faeb8113679bf6a3bdde73ed6cf5e16c7e.css?body=1&livereload=1614882323696" for ::1 at 2021-03-04 10:25:23 -0800
Started GET "/assets/application.self-b52cbb47a9863fddb26770a45a8d08faeb8113679bf6a3bdde73ed6cf5e16c7e.css?body=1&livereload=1614882323698" for ::1 at 2021-03-04 10:25:23 -0800
Started GET "/assets/application.self-b52cbb47a9863fddb26770a45a8d08faeb8113679bf6a3bdde73ed6cf5e16c7e.css?body=1&livereload=1614882326687" for ::1 at 2021-03-04 10:25:26 -0800
Started GET "/assets/application.self-b52cbb47a9863fddb26770a45a8d08faeb8113679bf6a3bdde73ed6cf5e16c7e.css?body=1&livereload=1614882326688" for ::1 at 2021-03-04 10:25:26 -0800
Started GET "/assets/application.self-b52cbb47a9863fddb26770a45a8d08faeb8113679bf6a3bdde73ed6cf5e16c7e.css?body=1&livereload=1614882327713" for ::1 at 2021-03-04 10:25:27 -0800
Started GET "/assets/application.self-b52cbb47a9863fddb26770a45a8d08faeb8113679bf6a3bdde73ed6cf5e16c7e.css?body=1&livereload=1614882327714" for ::1 at 2021-03-04 10:25:27 -0800
Started GET "/assets/application.self-b52cbb47a9863fddb26770a45a8d08faeb8113679bf6a3bdde73ed6cf5e16c7e.css?body=1&livereload=1614882359732" for ::1 at 2021-03-04 10:25:59 -0800
Started GET "/assets/application.self-b52cbb47a9863fddb26770a45a8d08faeb8113679bf6a3bdde73ed6cf5e16c7e.css?body=1&livereload=1614882359733" for ::1 at 2021-03-04 10:25:59 -0800
Started GET "/assets/application.self-b52cbb47a9863fddb26770a45a8d08faeb8113679bf6a3bdde73ed6cf5e16c7e.css?body=1&livereload=1614882364772" for ::1 at 2021-03-04 10:26:04 -0800
Started GET "/assets/application.self-b52cbb47a9863fddb26770a45a8d08faeb8113679bf6a3bdde73ed6cf5e16c7e.css?body=1&livereload=1614882364773" for ::1 at 2021-03-04 10:26:04 -0800
Started GET "/assets/application.self-b52cbb47a9863fddb26770a45a8d08faeb8113679bf6a3bdde73ed6cf5e16c7e.css?body=1&livereload=1614882374800" for ::1 at 2021-03-04 10:26:14 -0800
Started GET "/assets/application.self-b52cbb47a9863fddb26770a45a8d08faeb8113679bf6a3bdde73ed6cf5e16c7e.css?body=1&livereload=1614882374801" for ::1 at 2021-03-04 10:26:14 -0800
Started GET "/assets/application.self-b52cbb47a9863fddb26770a45a8d08faeb8113679bf6a3bdde73ed6cf5e16c7e.css?body=1&livereload=1614882379834" for ::1 at 2021-03-04 10:26:19 -0800
Started GET "/assets/application.self-b52cbb47a9863fddb26770a45a8d08faeb8113679bf6a3bdde73ed6cf5e16c7e.css?body=1&livereload=1614882379835" for ::1 at 2021-03-04 10:26:19 -0800
Started GET "/assets/application.self-b52cbb47a9863fddb26770a45a8d08faeb8113679bf6a3bdde73ed6cf5e16c7e.css?body=1&livereload=1614882407944" for ::1 at 2021-03-04 10:26:47 -0800
Started GET "/assets/application.self-b52cbb47a9863fddb26770a45a8d08faeb8113679bf6a3bdde73ed6cf5e16c7e.css?body=1&livereload=1614882407945" for ::1 at 2021-03-04 10:26:47 -0800
Started GET "/assets/application.self-b52cbb47a9863fddb26770a45a8d08faeb8113679bf6a3bdde73ed6cf5e16c7e.css?body=1&livereload=1614882409902" for ::1 at 2021-03-04 10:26:49 -0800
Started GET "/assets/application.self-b52cbb47a9863fddb26770a45a8d08faeb8113679bf6a3bdde73ed6cf5e16c7e.css?body=1&livereload=1614882409903" for ::1 at 2021-03-04 10:26:49 -0800
Started GET "/assets/application.self-b52cbb47a9863fddb26770a45a8d08faeb8113679bf6a3bdde73ed6cf5e16c7e.css?body=1&livereload=1614882463122" for ::1 at 2021-03-04 10:27:43 -0800
Started GET "/assets/application.self-b52cbb47a9863fddb26770a45a8d08faeb8113679bf6a3bdde73ed6cf5e16c7e.css?body=1&livereload=1614882463123" for ::1 at 2021-03-04 10:27:43 -0800
Started GET "/assets/application.self-b52cbb47a9863fddb26770a45a8d08faeb8113679bf6a3bdde73ed6cf5e16c7e.css?body=1&livereload=1614882465071" for ::1 at 2021-03-04 10:27:45 -0800
Started GET "/assets/application.self-b52cbb47a9863fddb26770a45a8d08faeb8113679bf6a3bdde73ed6cf5e16c7e.css?body=1&livereload=1614882465073" for ::1 at 2021-03-04 10:27:45 -0800
Started GET "/assets/application.self-b52cbb47a9863fddb26770a45a8d08faeb8113679bf6a3bdde73ed6cf5e16c7e.css?body=1&livereload=1614882478173" for ::1 at 2021-03-04 10:27:58 -0800
Started GET "/assets/application.self-b52cbb47a9863fddb26770a45a8d08faeb8113679bf6a3bdde73ed6cf5e16c7e.css?body=1&livereload=1614882478174" for ::1 at 2021-03-04 10:27:58 -0800
Started GET "/assets/application.self-b52cbb47a9863fddb26770a45a8d08faeb8113679bf6a3bdde73ed6cf5e16c7e.css?body=1&livereload=1614882485163" for ::1 at 2021-03-04 10:28:05 -0800
Started GET "/assets/application.self-b52cbb47a9863fddb26770a45a8d08faeb8113679bf6a3bdde73ed6cf5e16c7e.css?body=1&livereload=1614882485164" for ::1 at 2021-03-04 10:28:05 -0800
Started GET "/assets/application.self-b52cbb47a9863fddb26770a45a8d08faeb8113679bf6a3bdde73ed6cf5e16c7e.css?body=1&livereload=1614882486182" for ::1 at 2021-03-04 10:28:06 -0800
Started GET "/assets/application.self-b52cbb47a9863fddb26770a45a8d08faeb8113679bf6a3bdde73ed6cf5e16c7e.css?body=1&livereload=1614882486183" for ::1 at 2021-03-04 10:28:06 -0800
Started GET "/assets/application.self-b52cbb47a9863fddb26770a45a8d08faeb8113679bf6a3bdde73ed6cf5e16c7e.css?body=1&livereload=1614882504194" for ::1 at 2021-03-04 10:28:24 -0800
Started GET "/assets/application.self-b52cbb47a9863fddb26770a45a8d08faeb8113679bf6a3bdde73ed6cf5e16c7e.css?body=1&livereload=1614882504196" for ::1 at 2021-03-04 10:28:24 -0800
Started GET "/assets/application.self-b52cbb47a9863fddb26770a45a8d08faeb8113679bf6a3bdde73ed6cf5e16c7e.css?body=1&livereload=1614882506242" for ::1 at 2021-03-04 10:28:26 -0800
Started GET "/assets/application.self-b52cbb47a9863fddb26770a45a8d08faeb8113679bf6a3bdde73ed6cf5e16c7e.css?body=1&livereload=1614882506243" for ::1 at 2021-03-04 10:28:26 -0800
Started GET "/assets/application.self-b52cbb47a9863fddb26770a45a8d08faeb8113679bf6a3bdde73ed6cf5e16c7e.css?body=1&livereload=1614882521230" for ::1 at 2021-03-04 10:28:41 -0800
Started GET "/assets/application.self-b52cbb47a9863fddb26770a45a8d08faeb8113679bf6a3bdde73ed6cf5e16c7e.css?body=1&livereload=1614882521231" for ::1 at 2021-03-04 10:28:41 -0800
Started GET "/assets/application.self-b52cbb47a9863fddb26770a45a8d08faeb8113679bf6a3bdde73ed6cf5e16c7e.css?body=1&livereload=1614882523267" for ::1 at 2021-03-04 10:28:43 -0800
Started GET "/assets/application.self-b52cbb47a9863fddb26770a45a8d08faeb8113679bf6a3bdde73ed6cf5e16c7e.css?body=1&livereload=1614882523267&livereload=1614882523267" for ::1 at 2021-03-04 10:28:43 -0800
Started GET "/assets/application.self-b52cbb47a9863fddb26770a45a8d08faeb8113679bf6a3bdde73ed6cf5e16c7e.css?body=1&livereload=1614882602500&livereload=1614882523267" for ::1 at 2021-03-04 10:30:02 -0800
Started GET "/assets/application.self-b52cbb47a9863fddb26770a45a8d08faeb8113679bf6a3bdde73ed6cf5e16c7e.css?body=1&livereload=1614882602501&livereload=1614882523267" for ::1 at 2021-03-04 10:30:02 -0800
Started GET "/assets/application.self-b52cbb47a9863fddb26770a45a8d08faeb8113679bf6a3bdde73ed6cf5e16c7e.css?body=1&livereload=1614882609560&livereload=1614882523267" for ::1 at 2021-03-04 10:30:09 -0800
Started GET "/assets/application.self-b52cbb47a9863fddb26770a45a8d08faeb8113679bf6a3bdde73ed6cf5e16c7e.css?body=1&livereload=1614882609561&livereload=1614882523267" for ::1 at 2021-03-04 10:30:09 -0800
Started GET "/assets/application.self-b52cbb47a9863fddb26770a45a8d08faeb8113679bf6a3bdde73ed6cf5e16c7e.css?body=1&livereload=1614882614511&livereload=1614882523267" for ::1 at 2021-03-04 10:30:14 -0800
Started GET "/assets/application.self-b52cbb47a9863fddb26770a45a8d08faeb8113679bf6a3bdde73ed6cf5e16c7e.css?body=1&livereload=1614882614512&livereload=1614882523267" for ::1 at 2021-03-04 10:30:14 -0800
Started GET "/assets/application.self-b52cbb47a9863fddb26770a45a8d08faeb8113679bf6a3bdde73ed6cf5e16c7e.css?body=1&livereload=1614882618601&livereload=1614882523267" for ::1 at 2021-03-04 10:30:18 -0800
Started GET "/assets/application.self-b52cbb47a9863fddb26770a45a8d08faeb8113679bf6a3bdde73ed6cf5e16c7e.css?body=1&livereload=1614882618602&livereload=1614882523267" for ::1 at 2021-03-04 10:30:18 -0800
Started GET "/assets/application.self-b52cbb47a9863fddb26770a45a8d08faeb8113679bf6a3bdde73ed6cf5e16c7e.css?body=1&livereload=1614882620545&livereload=1614882523267" for ::1 at 2021-03-04 10:30:20 -0800
Started GET "/assets/application.self-b52cbb47a9863fddb26770a45a8d08faeb8113679bf6a3bdde73ed6cf5e16c7e.css?body=1&livereload=1614882620546&livereload=1614882523267" for ::1 at 2021-03-04 10:30:20 -0800
Started GET "/assets/application.self-b52cbb47a9863fddb26770a45a8d08faeb8113679bf6a3bdde73ed6cf5e16c7e.css?body=1&livereload=1614882624546&livereload=1614882523267" for ::1 at 2021-03-04 10:30:24 -0800
Started GET "/assets/application.self-b52cbb47a9863fddb26770a45a8d08faeb8113679bf6a3bdde73ed6cf5e16c7e.css?body=1&livereload=1614882624547&livereload=1614882523267" for ::1 at 2021-03-04 10:30:24 -0800
Started GET "/assets/application.self-b52cbb47a9863fddb26770a45a8d08faeb8113679bf6a3bdde73ed6cf5e16c7e.css?body=1&livereload=1614882627614&livereload=1614882523267" for ::1 at 2021-03-04 10:30:27 -0800
Started GET "/assets/application.self-b52cbb47a9863fddb26770a45a8d08faeb8113679bf6a3bdde73ed6cf5e16c7e.css?body=1&livereload=1614882627615&livereload=1614882523267" for ::1 at 2021-03-04 10:30:27 -0800
Started GET "/assets/application.self-b52cbb47a9863fddb26770a45a8d08faeb8113679bf6a3bdde73ed6cf5e16c7e.css?body=1&livereload=1614882642672&livereload=1614882523267" for ::1 at 2021-03-04 10:30:42 -0800
Started GET "/assets/application.self-b52cbb47a9863fddb26770a45a8d08faeb8113679bf6a3bdde73ed6cf5e16c7e.css?body=1&livereload=1614882642673&livereload=1614882523267" for ::1 at 2021-03-04 10:30:42 -0800
Started GET "/assets/application.self-b52cbb47a9863fddb26770a45a8d08faeb8113679bf6a3bdde73ed6cf5e16c7e.css?body=1&livereload=1614882644620&livereload=1614882523267" for ::1 at 2021-03-04 10:30:44 -0800
Started GET "/assets/application.self-b52cbb47a9863fddb26770a45a8d08faeb8113679bf6a3bdde73ed6cf5e16c7e.css?body=1&livereload=1614882644621&livereload=1614882523267" for ::1 at 2021-03-04 10:30:44 -0800
Started GET "/assets/application.self-b52cbb47a9863fddb26770a45a8d08faeb8113679bf6a3bdde73ed6cf5e16c7e.css?body=1&livereload=1614882649712&livereload=1614882523267" for ::1 at 2021-03-04 10:30:49 -0800
Started GET "/assets/application.self-b52cbb47a9863fddb26770a45a8d08faeb8113679bf6a3bdde73ed6cf5e16c7e.css?body=1&livereload=1614882649713&livereload=1614882523267" for ::1 at 2021-03-04 10:30:49 -0800
Started GET "/assets/application.self-b52cbb47a9863fddb26770a45a8d08faeb8113679bf6a3bdde73ed6cf5e16c7e.css?body=1&livereload=1614882653638&livereload=1614882523267" for ::1 at 2021-03-04 10:30:53 -0800
Started GET "/assets/application.self-b52cbb47a9863fddb26770a45a8d08faeb8113679bf6a3bdde73ed6cf5e16c7e.css?body=1&livereload=1614882653639&livereload=1614882523267" for ::1 at 2021-03-04 10:30:53 -0800
Started GET "/assets/application.self-b52cbb47a9863fddb26770a45a8d08faeb8113679bf6a3bdde73ed6cf5e16c7e.css?body=1&livereload=1614882655773&livereload=1614882523267" for ::1 at 2021-03-04 10:30:55 -0800
Started GET "/assets/application.self-b52cbb47a9863fddb26770a45a8d08faeb8113679bf6a3bdde73ed6cf5e16c7e.css?body=1&livereload=1614882655775&livereload=1614882523267" for ::1 at 2021-03-04 10:30:55 -0800
Started GET "/assets/application.self-b52cbb47a9863fddb26770a45a8d08faeb8113679bf6a3bdde73ed6cf5e16c7e.css?body=1&livereload=1614882678749&livereload=1614882523267" for ::1 at 2021-03-04 10:31:18 -0800
Started GET "/assets/application.self-b52cbb47a9863fddb26770a45a8d08faeb8113679bf6a3bdde73ed6cf5e16c7e.css?body=1&livereload=1614882678750&livereload=1614882523267" for ::1 at 2021-03-04 10:31:18 -0800
Started GET "/assets/application.self-b52cbb47a9863fddb26770a45a8d08faeb8113679bf6a3bdde73ed6cf5e16c7e.css?body=1&livereload=1614882771037&livereload=1614882523267" for ::1 at 2021-03-04 10:32:51 -0800
Started GET "/assets/application.self-b52cbb47a9863fddb26770a45a8d08faeb8113679bf6a3bdde73ed6cf5e16c7e.css?body=1&livereload=1614882771038&livereload=1614882523267" for ::1 at 2021-03-04 10:32:51 -0800
Started GET "/assets/application.self-b52cbb47a9863fddb26770a45a8d08faeb8113679bf6a3bdde73ed6cf5e16c7e.css?body=1&livereload=1614882774103&livereload=1614882523267" for ::1 at 2021-03-04 10:32:54 -0800
Started GET "/assets/application.self-b52cbb47a9863fddb26770a45a8d08faeb8113679bf6a3bdde73ed6cf5e16c7e.css?body=1&livereload=1614882774105&livereload=1614882523267" for ::1 at 2021-03-04 10:32:54 -0800
Started GET "/assets/application.self-b52cbb47a9863fddb26770a45a8d08faeb8113679bf6a3bdde73ed6cf5e16c7e.css?body=1&livereload=1614882797161&livereload=1614882523267" for ::1 at 2021-03-04 10:33:17 -0800
Started GET "/assets/application.self-b52cbb47a9863fddb26770a45a8d08faeb8113679bf6a3bdde73ed6cf5e16c7e.css?body=1&livereload=1614882797162&livereload=1614882523267" for ::1 at 2021-03-04 10:33:17 -0800
